{"message":"Preferences loaded from /home/faire/.config/pomotroid/user-preferences.json","level":"info","hostname":"YPC-ARCH","timestamp":"2021-06-17T06:07:33.304Z"}
{"message":"app ready","level":"info","hostname":"YPC-ARCH","timestamp":"2021-06-17T06:07:34.241Z"}
{"message":"Registering shortcut for call-timer-toggle: Control+F1","level":"info","hostname":"YPC-ARCH","timestamp":"2021-06-17T06:07:41.891Z"}
{"message":"Registering shortcut for call-timer-reset: Control+F2","level":"info","hostname":"YPC-ARCH","timestamp":"2021-06-17T06:07:41.894Z"}
{"message":"Registering shortcut for call-timer-skip: Control+F3","level":"info","hostname":"YPC-ARCH","timestamp":"2021-06-17T06:07:41.895Z"}
{"message":"Preferences loaded from /home/faire/.config/pomotroid/user-preferences.json","level":"info","hostname":"YPC-ARCH","timestamp":"2021-06-17T06:07:45.382Z"}
{"message":"focus round round started","level":"info","hostname":"YPC-ARCH","timestamp":"2021-06-17T06:14:29.806Z"}
{"message":"focus round completed","level":"info","hostname":"YPC-ARCH","timestamp":"2021-06-17T06:39:29.813Z"}
{"message":"short break round started","level":"info","hostname":"YPC-ARCH","timestamp":"2021-06-17T06:39:31.351Z"}
{"message":"short break completed","level":"info","hostname":"YPC-ARCH","timestamp":"2021-06-17T06:44:31.352Z"}
{"message":"focus round round started","level":"info","hostname":"YPC-ARCH","timestamp":"2021-06-17T06:44:32.876Z"}
{"message":"focus round completed","level":"info","hostname":"YPC-ARCH","timestamp":"2021-06-17T07:09:32.879Z"}
{"message":"short break round started","level":"info","hostname":"YPC-ARCH","timestamp":"2021-06-17T07:09:34.401Z"}
{"message":"short break completed","level":"info","hostname":"YPC-ARCH","timestamp":"2021-06-17T07:14:34.405Z"}
{"message":"focus round round started","level":"info","hostname":"YPC-ARCH","timestamp":"2021-06-17T07:14:35.927Z"}
{"message":"focus round round paused","level":"info","hostname":"YPC-ARCH","timestamp":"2021-06-17T07:14:58.520Z"}
{"message":"focus round round started","level":"info","hostname":"YPC-ARCH","timestamp":"2021-06-17T07:15:11.387Z"}
{"message":"focus round round paused","level":"info","hostname":"YPC-ARCH","timestamp":"2021-06-17T07:15:12.850Z"}
{"message":"focus round round started","level":"info","hostname":"YPC-ARCH","timestamp":"2021-06-17T07:15:33.550Z"}
{"message":"focus round round paused","level":"info","hostname":"YPC-ARCH","timestamp":"2021-06-17T07:23:13.599Z"}
{"message":"focus round round started","level":"info","hostname":"YPC-ARCH","timestamp":"2021-06-17T07:23:57.801Z"}
{"message":"focus round round paused","level":"info","hostname":"YPC-ARCH","timestamp":"2021-06-17T07:32:30.001Z"}
{"message":"focus round round started","level":"info","hostname":"YPC-ARCH","timestamp":"2021-06-17T07:33:28.254Z"}
{"message":"focus round round paused","level":"info","hostname":"YPC-ARCH","timestamp":"2021-06-17T07:35:23.789Z"}
{"message":"focus round round started","level":"info","hostname":"YPC-ARCH","timestamp":"2021-06-17T07:35:28.528Z"}
{"message":"focus round completed","level":"info","hostname":"YPC-ARCH","timestamp":"2021-06-17T07:41:58.534Z"}
{"message":"long break round started","level":"info","hostname":"YPC-ARCH","timestamp":"2021-06-17T07:42:00.049Z"}
{"message":"long break round paused","level":"info","hostname":"YPC-ARCH","timestamp":"2021-06-17T07:42:02.574Z"}
{"message":"long break round started","level":"info","hostname":"YPC-ARCH","timestamp":"2021-06-17T07:44:34.488Z"}
{"message":"Preferences loaded from /home/faire/.config/pomotroid/user-preferences.json","level":"info","hostname":"YPC-ARCH","timestamp":"2021-06-17T08:13:03.792Z"}
{"message":"app ready","level":"info","hostname":"YPC-ARCH","timestamp":"2021-06-17T08:13:04.471Z"}
{"message":"Registering shortcut for call-timer-toggle: Control+F1","level":"info","hostname":"YPC-ARCH","timestamp":"2021-06-17T08:13:05.610Z"}
{"message":"Registering shortcut for call-timer-reset: Control+F2","level":"info","hostname":"YPC-ARCH","timestamp":"2021-06-17T08:13:05.612Z"}
{"message":"Registering shortcut for call-timer-skip: Control+F3","level":"info","hostname":"YPC-ARCH","timestamp":"2021-06-17T08:13:05.613Z"}
{"message":"Preferences loaded from /home/faire/.config/pomotroid/user-preferences.json","level":"info","hostname":"YPC-ARCH","timestamp":"2021-06-17T08:13:06.411Z"}
{"message":"focus round round started","level":"info","hostname":"YPC-ARCH","timestamp":"2021-06-17T08:13:52.057Z"}
{"message":"focus round round paused","level":"info","hostname":"YPC-ARCH","timestamp":"2021-06-17T08:32:48.841Z"}
{"message":"focus round round started","level":"info","hostname":"YPC-ARCH","timestamp":"2021-06-17T08:33:45.743Z"}
{"message":"focus round completed","level":"info","hostname":"YPC-ARCH","timestamp":"2021-06-17T08:39:49.752Z"}
{"message":"short break round started","level":"info","hostname":"YPC-ARCH","timestamp":"2021-06-17T08:39:51.289Z"}
{"message":"short break completed","level":"info","hostname":"YPC-ARCH","timestamp":"2021-06-17T08:44:51.290Z"}
{"message":"focus round round started","level":"info","hostname":"YPC-ARCH","timestamp":"2021-06-17T08:44:52.812Z"}
{"message":"focus round round paused","level":"info","hostname":"YPC-ARCH","timestamp":"2021-06-17T09:03:03.695Z"}
{"message":"focus round round started","level":"info","hostname":"YPC-ARCH","timestamp":"2021-06-17T09:03:57.619Z"}
{"message":"focus round completed","level":"info","hostname":"YPC-ARCH","timestamp":"2021-06-17T09:10:47.624Z"}
{"message":"short break round started","level":"info","hostname":"YPC-ARCH","timestamp":"2021-06-17T09:10:49.147Z"}
{"message":"short break completed","level":"info","hostname":"YPC-ARCH","timestamp":"2021-06-17T09:15:49.148Z"}
{"message":"focus round round started","level":"info","hostname":"YPC-ARCH","timestamp":"2021-06-17T09:15:50.668Z"}
{"message":"focus round completed","level":"info","hostname":"YPC-ARCH","timestamp":"2021-06-17T09:40:50.672Z"}
{"message":"long break round started","level":"info","hostname":"YPC-ARCH","timestamp":"2021-06-17T09:40:52.194Z"}
{"message":"long break round paused","level":"info","hostname":"YPC-ARCH","timestamp":"2021-06-17T10:05:40.535Z"}
{"message":"long break round started","level":"info","hostname":"YPC-ARCH","timestamp":"2021-06-17T10:15:42.231Z"}
{"message":"long break completed","level":"info","hostname":"YPC-ARCH","timestamp":"2021-06-17T10:15:43.696Z"}
{"message":"focus round round started","level":"info","hostname":"YPC-ARCH","timestamp":"2021-06-17T10:15:45.231Z"}
{"message":"focus round round paused","level":"info","hostname":"YPC-ARCH","timestamp":"2021-06-17T10:34:42.563Z"}
{"message":"focus round round started","level":"info","hostname":"YPC-ARCH","timestamp":"2021-06-17T10:40:04.955Z"}
{"message":"focus round completed","level":"info","hostname":"YPC-ARCH","timestamp":"2021-06-17T10:46:07.961Z"}
{"message":"short break round started","level":"info","hostname":"YPC-ARCH","timestamp":"2021-06-17T10:46:09.481Z"}
{"message":"short break round paused","level":"info","hostname":"YPC-ARCH","timestamp":"2021-06-17T10:51:06.250Z"}
{"message":"short break round started","level":"info","hostname":"YPC-ARCH","timestamp":"2021-06-17T10:52:42.434Z"}
{"message":"short break completed","level":"info","hostname":"YPC-ARCH","timestamp":"2021-06-17T10:52:46.438Z"}
{"message":"focus round round started","level":"info","hostname":"YPC-ARCH","timestamp":"2021-06-17T10:52:47.956Z"}
{"message":"focus round round paused","level":"info","hostname":"YPC-ARCH","timestamp":"2021-06-17T11:07:45.346Z"}
{"message":"focus round round started","level":"info","hostname":"YPC-ARCH","timestamp":"2021-06-17T11:08:11.956Z"}
{"message":"focus round completed","level":"info","hostname":"YPC-ARCH","timestamp":"2021-06-17T11:18:14.968Z"}
{"message":"short break round started","level":"info","hostname":"YPC-ARCH","timestamp":"2021-06-17T11:18:16.503Z"}
{"message":"short break round paused","level":"info","hostname":"YPC-ARCH","timestamp":"2021-06-17T11:20:39.857Z"}
{"message":"short break round started","level":"info","hostname":"YPC-ARCH","timestamp":"2021-06-17T11:23:23.436Z"}
{"message":"short break completed","level":"info","hostname":"YPC-ARCH","timestamp":"2021-06-17T11:26:00.441Z"}
{"message":"focus round round started","level":"info","hostname":"YPC-ARCH","timestamp":"2021-06-17T11:26:01.954Z"}
{"message":"focus round round paused","level":"info","hostname":"YPC-ARCH","timestamp":"2021-06-17T11:33:10.860Z"}
{"message":"focus round round started","level":"info","hostname":"YPC-ARCH","timestamp":"2021-06-17T11:45:10.999Z"}
{"message":"focus round completed","level":"info","hostname":"YPC-ARCH","timestamp":"2021-06-17T12:03:03.007Z"}
{"message":"long break round started","level":"info","hostname":"YPC-ARCH","timestamp":"2021-06-17T12:03:04.542Z"}
{"message":"long break round paused","level":"info","hostname":"YPC-ARCH","timestamp":"2021-06-17T12:03:06.640Z"}
{"message":"Preferences loaded from /home/faire/.config/pomotroid/user-preferences.json","level":"info","hostname":"YPC-ARCH","timestamp":"2021-06-17T17:24:35.976Z"}
{"message":"app ready","level":"info","hostname":"YPC-ARCH","timestamp":"2021-06-17T17:24:36.544Z"}
{"message":"Registering shortcut for call-timer-toggle: Control+F1","level":"info","hostname":"YPC-ARCH","timestamp":"2021-06-17T17:24:37.517Z"}
{"message":"Registering shortcut for call-timer-reset: Control+F2","level":"info","hostname":"YPC-ARCH","timestamp":"2021-06-17T17:24:37.519Z"}
{"message":"Registering shortcut for call-timer-skip: Control+F3","level":"info","hostname":"YPC-ARCH","timestamp":"2021-06-17T17:24:37.520Z"}
{"message":"Preferences loaded from /home/faire/.config/pomotroid/user-preferences.json","level":"info","hostname":"YPC-ARCH","timestamp":"2021-06-17T17:24:38.284Z"}
{"message":"focus round round started","level":"info","hostname":"YPC-ARCH","timestamp":"2021-06-17T17:24:43.724Z"}
{"message":"focus round completed","level":"info","hostname":"YPC-ARCH","timestamp":"2021-06-17T17:49:43.730Z"}
{"message":"short break round started","level":"info","hostname":"YPC-ARCH","timestamp":"2021-06-17T17:49:45.286Z"}
{"message":"short break completed","level":"info","hostname":"YPC-ARCH","timestamp":"2021-06-17T17:54:45.286Z"}
{"message":"focus round round started","level":"info","hostname":"YPC-ARCH","timestamp":"2021-06-17T17:54:46.808Z"}
{"message":"focus round completed","level":"info","hostname":"YPC-ARCH","timestamp":"2021-06-17T18:19:46.811Z"}
{"message":"short break round started","level":"info","hostname":"YPC-ARCH","timestamp":"2021-06-17T18:19:48.333Z"}
{"message":"short break completed","level":"info","hostname":"YPC-ARCH","timestamp":"2021-06-17T18:24:48.335Z"}
{"message":"focus round round started","level":"info","hostname":"YPC-ARCH","timestamp":"2021-06-17T18:24:49.856Z"}
{"message":"focus round round paused","level":"info","hostname":"YPC-ARCH","timestamp":"2021-06-17T18:29:25.984Z"}
{"message":"focus round round started","level":"info","hostname":"YPC-ARCH","timestamp":"2021-06-17T18:29:38.724Z"}
{"message":"focus round round paused","level":"info","hostname":"YPC-ARCH","timestamp":"2021-06-17T18:47:25.556Z"}
{"message":"focus round round started","level":"info","hostname":"YPC-ARCH","timestamp":"2021-06-17T18:55:55.301Z"}
{"message":"focus round completed","level":"info","hostname":"YPC-ARCH","timestamp":"2021-06-17T18:58:33.306Z"}
{"message":"long break round started","level":"info","hostname":"YPC-ARCH","timestamp":"2021-06-17T18:58:34.821Z"}
{"message":"long break round paused","level":"info","hostname":"YPC-ARCH","timestamp":"2021-06-17T19:08:24.254Z"}
{"message":"long break round started","level":"info","hostname":"YPC-ARCH","timestamp":"2021-06-17T19:22:06.499Z"}
{"message":"long break completed","level":"info","hostname":"YPC-ARCH","timestamp":"2021-06-17T19:22:07.952Z"}
{"message":"focus round round started","level":"info","hostname":"YPC-ARCH","timestamp":"2021-06-17T19:22:09.467Z"}
{"message":"focus round completed","level":"info","hostname":"YPC-ARCH","timestamp":"2021-06-17T19:47:09.473Z"}
{"message":"short break round started","level":"info","hostname":"YPC-ARCH","timestamp":"2021-06-17T19:47:10.993Z"}
{"message":"short break completed","level":"info","hostname":"YPC-ARCH","timestamp":"2021-06-17T19:52:10.995Z"}
{"message":"focus round round started","level":"info","hostname":"YPC-ARCH","timestamp":"2021-06-17T19:52:12.514Z"}
{"message":"focus round completed","level":"info","hostname":"YPC-ARCH","timestamp":"2021-06-17T20:17:12.517Z"}
{"message":"short break round started","level":"info","hostname":"YPC-ARCH","timestamp":"2021-06-17T20:17:14.037Z"}
{"message":"quitting app...","level":"info","hostname":"YPC-ARCH","timestamp":"2021-06-17T20:17:15.422Z"}
