{"message":"Preferences loaded from /home/faire/.config/pomotroid/user-preferences.json","level":"info","hostname":"YPC-ARCH","timestamp":"2021-06-19T05:36:44.791Z"}
{"message":"app ready","level":"info","hostname":"YPC-ARCH","timestamp":"2021-06-19T05:36:45.687Z"}
{"message":"Registering shortcut for call-timer-toggle: Control+F1","level":"info","hostname":"YPC-ARCH","timestamp":"2021-06-19T05:36:50.335Z"}
{"message":"Registering shortcut for call-timer-reset: Control+F2","level":"info","hostname":"YPC-ARCH","timestamp":"2021-06-19T05:36:50.337Z"}
{"message":"Registering shortcut for call-timer-skip: Control+F3","level":"info","hostname":"YPC-ARCH","timestamp":"2021-06-19T05:36:50.339Z"}
{"message":"Preferences loaded from /home/faire/.config/pomotroid/user-preferences.json","level":"info","hostname":"YPC-ARCH","timestamp":"2021-06-19T05:36:51.188Z"}
{"message":"focus round round started","level":"info","hostname":"YPC-ARCH","timestamp":"2021-06-19T05:38:19.582Z"}
{"message":"focus round round paused","level":"info","hostname":"YPC-ARCH","timestamp":"2021-06-19T05:51:53.661Z"}
{"message":"focus round round started","level":"info","hostname":"YPC-ARCH","timestamp":"2021-06-19T06:06:45.292Z"}
{"message":"focus round round paused","level":"info","hostname":"YPC-ARCH","timestamp":"2021-06-19T06:12:06.013Z"}
{"message":"focus round round started","level":"info","hostname":"YPC-ARCH","timestamp":"2021-06-19T06:12:21.269Z"}
{"message":"focus round round paused","level":"info","hostname":"YPC-ARCH","timestamp":"2021-06-19T06:12:31.233Z"}
{"message":"focus round round started","level":"info","hostname":"YPC-ARCH","timestamp":"2021-06-19T06:12:32.016Z"}
{"message":"focus round round paused","level":"info","hostname":"YPC-ARCH","timestamp":"2021-06-19T06:12:34.035Z"}
{"message":"focus round round started","level":"info","hostname":"YPC-ARCH","timestamp":"2021-06-19T06:12:35.273Z"}
{"message":"focus round round paused","level":"info","hostname":"YPC-ARCH","timestamp":"2021-06-19T06:18:16.288Z"}
{"message":"focus round round started","level":"info","hostname":"YPC-ARCH","timestamp":"2021-06-19T06:26:07.253Z"}
{"message":"focus round completed","level":"info","hostname":"YPC-ARCH","timestamp":"2021-06-19T06:26:21.263Z"}
{"message":"short break round started","level":"info","hostname":"YPC-ARCH","timestamp":"2021-06-19T06:26:22.801Z"}
{"message":"short break completed","level":"info","hostname":"YPC-ARCH","timestamp":"2021-06-19T06:31:22.803Z"}
{"message":"focus round round started","level":"info","hostname":"YPC-ARCH","timestamp":"2021-06-19T06:31:24.325Z"}
{"message":"focus round round paused","level":"info","hostname":"YPC-ARCH","timestamp":"2021-06-19T06:31:45.213Z"}
{"message":"focus round round started","level":"info","hostname":"YPC-ARCH","timestamp":"2021-06-19T06:32:52.619Z"}
{"message":"focus round round paused","level":"info","hostname":"YPC-ARCH","timestamp":"2021-06-19T06:33:36.021Z"}
{"message":"focus round round started","level":"info","hostname":"YPC-ARCH","timestamp":"2021-06-19T06:35:54.592Z"}
{"message":"focus round round paused","level":"info","hostname":"YPC-ARCH","timestamp":"2021-06-19T06:46:37.398Z"}
{"message":"focus round round started","level":"info","hostname":"YPC-ARCH","timestamp":"2021-06-19T06:49:59.080Z"}
{"message":"focus round round paused","level":"info","hostname":"YPC-ARCH","timestamp":"2021-06-19T06:53:53.039Z"}
{"message":"focus round round started","level":"info","hostname":"YPC-ARCH","timestamp":"2021-06-19T06:54:07.910Z"}
{"message":"focus round completed","level":"info","hostname":"YPC-ARCH","timestamp":"2021-06-19T07:03:29.915Z"}
{"message":"short break round started","level":"info","hostname":"YPC-ARCH","timestamp":"2021-06-19T07:03:31.438Z"}
{"message":"short break completed","level":"info","hostname":"YPC-ARCH","timestamp":"2021-06-19T07:08:31.440Z"}
{"message":"focus round round started","level":"info","hostname":"YPC-ARCH","timestamp":"2021-06-19T07:08:32.960Z"}
{"message":"focus round completed","level":"info","hostname":"YPC-ARCH","timestamp":"2021-06-19T07:33:32.964Z"}
{"message":"long break round started","level":"info","hostname":"YPC-ARCH","timestamp":"2021-06-19T07:33:34.487Z"}
{"message":"long break round paused","level":"info","hostname":"YPC-ARCH","timestamp":"2021-06-19T07:58:10.470Z"}
{"message":"long break round started","level":"info","hostname":"YPC-ARCH","timestamp":"2021-06-19T08:09:49.071Z"}
{"message":"long break completed","level":"info","hostname":"YPC-ARCH","timestamp":"2021-06-19T08:10:14.079Z"}
{"message":"focus round round started","level":"info","hostname":"YPC-ARCH","timestamp":"2021-06-19T08:10:15.612Z"}
{"message":"focus round round paused","level":"info","hostname":"YPC-ARCH","timestamp":"2021-06-19T08:13:35.108Z"}
{"message":"focus round round started","level":"info","hostname":"YPC-ARCH","timestamp":"2021-06-19T08:19:11.103Z"}
{"message":"focus round completed","level":"info","hostname":"YPC-ARCH","timestamp":"2021-06-19T08:40:52.108Z"}
{"message":"short break round started","level":"info","hostname":"YPC-ARCH","timestamp":"2021-06-19T08:40:53.629Z"}
{"message":"short break completed","level":"info","hostname":"YPC-ARCH","timestamp":"2021-06-19T08:45:53.631Z"}
{"message":"focus round round started","level":"info","hostname":"YPC-ARCH","timestamp":"2021-06-19T08:45:55.152Z"}
{"message":"focus round round paused","level":"info","hostname":"YPC-ARCH","timestamp":"2021-06-19T08:54:58.845Z"}
{"message":"focus round round started","level":"info","hostname":"YPC-ARCH","timestamp":"2021-06-19T08:55:33.369Z"}
{"message":"focus round round paused","level":"info","hostname":"YPC-ARCH","timestamp":"2021-06-19T08:59:24.408Z"}
{"message":"focus round round started","level":"info","hostname":"YPC-ARCH","timestamp":"2021-06-19T09:43:23.709Z"}
{"message":"focus round completed","level":"info","hostname":"YPC-ARCH","timestamp":"2021-06-19T09:43:25.146Z"}
{"message":"short break completed","level":"info","hostname":"YPC-ARCH","timestamp":"2021-06-19T09:43:25.741Z"}
{"message":"focus round completed","level":"info","hostname":"YPC-ARCH","timestamp":"2021-06-19T09:43:26.475Z"}
{"message":"long break round started","level":"info","hostname":"YPC-ARCH","timestamp":"2021-06-19T09:43:26.660Z"}
{"message":"long break completed","level":"info","hostname":"YPC-ARCH","timestamp":"2021-06-19T09:43:27.287Z"}
{"message":"focus round round started","level":"info","hostname":"YPC-ARCH","timestamp":"2021-06-19T09:43:27.985Z"}
{"message":"focus round completed","level":"info","hostname":"YPC-ARCH","timestamp":"2021-06-19T10:08:27.999Z"}
{"message":"short break round started","level":"info","hostname":"YPC-ARCH","timestamp":"2021-06-19T10:08:29.551Z"}
{"message":"short break completed","level":"info","hostname":"YPC-ARCH","timestamp":"2021-06-19T10:13:29.556Z"}
{"message":"focus round round started","level":"info","hostname":"YPC-ARCH","timestamp":"2021-06-19T10:13:31.070Z"}
{"message":"focus round round paused","level":"info","hostname":"YPC-ARCH","timestamp":"2021-06-19T10:27:54.624Z"}
{"message":"focus round round started","level":"info","hostname":"YPC-ARCH","timestamp":"2021-06-19T10:28:34.449Z"}
{"message":"focus round completed","level":"info","hostname":"YPC-ARCH","timestamp":"2021-06-19T10:39:11.457Z"}
{"message":"short break round started","level":"info","hostname":"YPC-ARCH","timestamp":"2021-06-19T10:39:12.993Z"}
{"message":"short break completed","level":"info","hostname":"YPC-ARCH","timestamp":"2021-06-19T10:44:13.000Z"}
{"message":"focus round round started","level":"info","hostname":"YPC-ARCH","timestamp":"2021-06-19T10:44:14.516Z"}
{"message":"quitting app...","level":"info","hostname":"YPC-ARCH","timestamp":"2021-06-19T11:09:04.607Z"}
{"message":"Preferences loaded from /home/faire/.config/pomotroid/user-preferences.json","level":"info","hostname":"YPC-ARCH","timestamp":"2021-06-19T12:54:17.461Z"}
{"message":"app ready","level":"info","hostname":"YPC-ARCH","timestamp":"2021-06-19T12:54:18.440Z"}
{"message":"Registering shortcut for call-timer-toggle: Control+F1","level":"info","hostname":"YPC-ARCH","timestamp":"2021-06-19T12:54:19.679Z"}
{"message":"Registering shortcut for call-timer-reset: Control+F2","level":"info","hostname":"YPC-ARCH","timestamp":"2021-06-19T12:54:19.681Z"}
{"message":"Registering shortcut for call-timer-skip: Control+F3","level":"info","hostname":"YPC-ARCH","timestamp":"2021-06-19T12:54:19.683Z"}
{"message":"Preferences loaded from /home/faire/.config/pomotroid/user-preferences.json","level":"info","hostname":"YPC-ARCH","timestamp":"2021-06-19T12:54:20.953Z"}
{"message":"focus round round started","level":"info","hostname":"YPC-ARCH","timestamp":"2021-06-19T13:02:27.968Z"}
{"message":"focus round completed","level":"info","hostname":"YPC-ARCH","timestamp":"2021-06-19T13:27:27.971Z"}
{"message":"short break round started","level":"info","hostname":"YPC-ARCH","timestamp":"2021-06-19T13:27:29.564Z"}
{"message":"short break round paused","level":"info","hostname":"YPC-ARCH","timestamp":"2021-06-19T13:29:27.427Z"}
{"message":"short break round started","level":"info","hostname":"YPC-ARCH","timestamp":"2021-06-19T13:31:55.427Z"}
{"message":"short break completed","level":"info","hostname":"YPC-ARCH","timestamp":"2021-06-19T13:34:58.435Z"}
{"message":"focus round round started","level":"info","hostname":"YPC-ARCH","timestamp":"2021-06-19T13:34:59.328Z"}
{"message":"focus round round paused","level":"info","hostname":"YPC-ARCH","timestamp":"2021-06-19T13:35:58.701Z"}
{"message":"focus round round started","level":"info","hostname":"YPC-ARCH","timestamp":"2021-06-19T13:44:56.607Z"}
{"message":"focus round round paused","level":"info","hostname":"YPC-ARCH","timestamp":"2021-06-19T13:51:18.760Z"}
{"message":"Preferences loaded from /home/faire/.config/pomotroid/user-preferences.json","level":"info","hostname":"YPC-ARCH","timestamp":"2021-06-19T15:05:14.479Z"}
{"message":"app ready","level":"info","hostname":"YPC-ARCH","timestamp":"2021-06-19T15:05:15.489Z"}
{"message":"Registering shortcut for call-timer-toggle: Control+F1","level":"info","hostname":"YPC-ARCH","timestamp":"2021-06-19T15:05:20.342Z"}
{"message":"Registering shortcut for call-timer-reset: Control+F2","level":"info","hostname":"YPC-ARCH","timestamp":"2021-06-19T15:05:20.345Z"}
{"message":"Registering shortcut for call-timer-skip: Control+F3","level":"info","hostname":"YPC-ARCH","timestamp":"2021-06-19T15:05:20.346Z"}
{"message":"Preferences loaded from /home/faire/.config/pomotroid/user-preferences.json","level":"info","hostname":"YPC-ARCH","timestamp":"2021-06-19T15:05:22.281Z"}
{"message":"focus round round started","level":"info","hostname":"YPC-ARCH","timestamp":"2021-06-19T15:17:30.850Z"}
{"message":"focus round completed","level":"info","hostname":"YPC-ARCH","timestamp":"2021-06-19T15:42:30.853Z"}
{"message":"short break round started","level":"info","hostname":"YPC-ARCH","timestamp":"2021-06-19T15:42:32.391Z"}
{"message":"short break completed","level":"info","hostname":"YPC-ARCH","timestamp":"2021-06-19T15:47:32.392Z"}
{"message":"focus round round started","level":"info","hostname":"YPC-ARCH","timestamp":"2021-06-19T15:47:33.915Z"}
{"message":"focus round round paused","level":"info","hostname":"YPC-ARCH","timestamp":"2021-06-19T15:55:29.133Z"}
{"message":"focus round round started","level":"info","hostname":"YPC-ARCH","timestamp":"2021-06-19T15:58:59.915Z"}
{"message":"Preferences loaded from /home/faire/.config/pomotroid/user-preferences.json","level":"info","hostname":"YPC-ARCH","timestamp":"2021-06-19T16:10:51.901Z"}
{"message":"app ready","level":"info","hostname":"YPC-ARCH","timestamp":"2021-06-19T16:10:52.868Z"}
{"message":"Registering shortcut for call-timer-toggle: Control+F1","level":"info","hostname":"YPC-ARCH","timestamp":"2021-06-19T16:10:58.026Z"}
{"message":"Registering shortcut for call-timer-reset: Control+F2","level":"info","hostname":"YPC-ARCH","timestamp":"2021-06-19T16:10:58.027Z"}
{"message":"Registering shortcut for call-timer-skip: Control+F3","level":"info","hostname":"YPC-ARCH","timestamp":"2021-06-19T16:10:58.028Z"}
{"message":"Preferences loaded from /home/faire/.config/pomotroid/user-preferences.json","level":"info","hostname":"YPC-ARCH","timestamp":"2021-06-19T16:11:00.098Z"}
{"message":"focus round round started","level":"info","hostname":"YPC-ARCH","timestamp":"2021-06-19T16:12:06.486Z"}
{"message":"focus round round paused","level":"info","hostname":"YPC-ARCH","timestamp":"2021-06-19T16:26:54.904Z"}
{"message":"focus round round started","level":"info","hostname":"YPC-ARCH","timestamp":"2021-06-19T16:29:50.449Z"}
{"message":"focus round completed","level":"info","hostname":"YPC-ARCH","timestamp":"2021-06-19T16:40:02.458Z"}
{"message":"short break round started","level":"info","hostname":"YPC-ARCH","timestamp":"2021-06-19T16:40:03.996Z"}
{"message":"short break completed","level":"info","hostname":"YPC-ARCH","timestamp":"2021-06-19T16:45:03.999Z"}
{"message":"focus round round started","level":"info","hostname":"YPC-ARCH","timestamp":"2021-06-19T16:45:05.523Z"}
{"message":"focus round round paused","level":"info","hostname":"YPC-ARCH","timestamp":"2021-06-19T17:03:44.998Z"}
{"message":"focus round round started","level":"info","hostname":"YPC-ARCH","timestamp":"2021-06-19T17:37:18.673Z"}
{"message":"focus round completed","level":"info","hostname":"YPC-ARCH","timestamp":"2021-06-19T17:43:39.679Z"}
{"message":"short break round started","level":"info","hostname":"YPC-ARCH","timestamp":"2021-06-19T17:43:41.198Z"}
{"message":"short break completed","level":"info","hostname":"YPC-ARCH","timestamp":"2021-06-19T17:48:41.200Z"}
{"message":"focus round round started","level":"info","hostname":"YPC-ARCH","timestamp":"2021-06-19T17:48:42.720Z"}
{"message":"focus round round paused","level":"info","hostname":"YPC-ARCH","timestamp":"2021-06-19T17:49:47.495Z"}
{"message":"focus round round started","level":"info","hostname":"YPC-ARCH","timestamp":"2021-06-19T17:50:00.416Z"}
{"message":"focus round completed","level":"info","hostname":"YPC-ARCH","timestamp":"2021-06-19T18:13:56.421Z"}
{"message":"long break round started","level":"info","hostname":"YPC-ARCH","timestamp":"2021-06-19T18:13:57.942Z"}
{"message":"long break completed","level":"info","hostname":"YPC-ARCH","timestamp":"2021-06-19T18:38:57.950Z"}
{"message":"focus round round started","level":"info","hostname":"YPC-ARCH","timestamp":"2021-06-19T18:38:59.503Z"}
{"message":"focus round completed","level":"info","hostname":"YPC-ARCH","timestamp":"2021-06-19T19:03:59.505Z"}
{"message":"short break round started","level":"info","hostname":"YPC-ARCH","timestamp":"2021-06-19T19:04:01.028Z"}
{"message":"quitting app...","level":"info","hostname":"YPC-ARCH","timestamp":"2021-06-19T19:04:08.613Z"}
