{"message":"Preferences loaded from /home/faire/.config/pomotroid/user-preferences.json","level":"info","hostname":"YPC-ARCH","timestamp":"2021-06-20T05:46:59.245Z"}
{"message":"app ready","level":"info","hostname":"YPC-ARCH","timestamp":"2021-06-20T05:46:59.801Z"}
{"message":"Registering shortcut for call-timer-toggle: Control+F1","level":"info","hostname":"YPC-ARCH","timestamp":"2021-06-20T05:47:06.330Z"}
{"message":"Registering shortcut for call-timer-reset: Control+F2","level":"info","hostname":"YPC-ARCH","timestamp":"2021-06-20T05:47:06.333Z"}
{"message":"Registering shortcut for call-timer-skip: Control+F3","level":"info","hostname":"YPC-ARCH","timestamp":"2021-06-20T05:47:06.334Z"}
{"message":"Preferences loaded from /home/faire/.config/pomotroid/user-preferences.json","level":"info","hostname":"YPC-ARCH","timestamp":"2021-06-20T05:47:07.243Z"}
{"message":"focus round round started","level":"info","hostname":"YPC-ARCH","timestamp":"2021-06-20T05:49:35.955Z"}
{"message":"focus round completed","level":"info","hostname":"YPC-ARCH","timestamp":"2021-06-20T06:14:35.964Z"}
{"message":"short break round started","level":"info","hostname":"YPC-ARCH","timestamp":"2021-06-20T06:14:37.496Z"}
{"message":"short break completed","level":"info","hostname":"YPC-ARCH","timestamp":"2021-06-20T06:19:37.498Z"}
{"message":"focus round round started","level":"info","hostname":"YPC-ARCH","timestamp":"2021-06-20T06:19:39.020Z"}
{"message":"focus round round paused","level":"info","hostname":"YPC-ARCH","timestamp":"2021-06-20T06:21:37.831Z"}
{"message":"focus round round started","level":"info","hostname":"YPC-ARCH","timestamp":"2021-06-20T06:23:52.425Z"}
{"message":"focus round round paused","level":"info","hostname":"YPC-ARCH","timestamp":"2021-06-20T06:35:44.824Z"}
{"message":"focus round round started","level":"info","hostname":"YPC-ARCH","timestamp":"2021-06-20T06:35:49.184Z"}
{"message":"focus round round paused","level":"info","hostname":"YPC-ARCH","timestamp":"2021-06-20T06:43:50.178Z"}
{"message":"focus round round started","level":"info","hostname":"YPC-ARCH","timestamp":"2021-06-20T06:45:12.923Z"}
{"message":"focus round completed","level":"info","hostname":"YPC-ARCH","timestamp":"2021-06-20T06:48:22.927Z"}
{"message":"short break round started","level":"info","hostname":"YPC-ARCH","timestamp":"2021-06-20T06:48:24.442Z"}
{"message":"short break completed","level":"info","hostname":"YPC-ARCH","timestamp":"2021-06-20T06:53:24.446Z"}
{"message":"focus round round started","level":"info","hostname":"YPC-ARCH","timestamp":"2021-06-20T06:53:25.970Z"}
{"message":"focus round round paused","level":"info","hostname":"YPC-ARCH","timestamp":"2021-06-20T06:53:27.567Z"}
{"message":"focus round round started","level":"info","hostname":"YPC-ARCH","timestamp":"2021-06-20T06:55:15.481Z"}
{"message":"focus round round paused","level":"info","hostname":"YPC-ARCH","timestamp":"2021-06-20T07:02:38.476Z"}
{"message":"focus round round started","level":"info","hostname":"YPC-ARCH","timestamp":"2021-06-20T07:05:52.510Z"}
{"message":"focus round round paused","level":"info","hostname":"YPC-ARCH","timestamp":"2021-06-20T07:06:15.475Z"}
{"message":"focus round round started","level":"info","hostname":"YPC-ARCH","timestamp":"2021-06-20T07:08:14.837Z"}
{"message":"focus round round paused","level":"info","hostname":"YPC-ARCH","timestamp":"2021-06-20T07:19:45.807Z"}
{"message":"focus round round started","level":"info","hostname":"YPC-ARCH","timestamp":"2021-06-20T07:26:17.745Z"}
{"message":"focus round completed","level":"info","hostname":"YPC-ARCH","timestamp":"2021-06-20T07:32:02.750Z"}
{"message":"long break round started","level":"info","hostname":"YPC-ARCH","timestamp":"2021-06-20T07:32:04.264Z"}
{"message":"long break round paused","level":"info","hostname":"YPC-ARCH","timestamp":"2021-06-20T07:38:06.552Z"}
{"message":"long break round started","level":"info","hostname":"YPC-ARCH","timestamp":"2021-06-20T08:24:42.996Z"}
{"message":"long break completed","level":"info","hostname":"YPC-ARCH","timestamp":"2021-06-20T08:25:33.726Z"}
{"message":"focus round round started","level":"info","hostname":"YPC-ARCH","timestamp":"2021-06-20T08:25:35.240Z"}
{"message":"focus round round paused","level":"info","hostname":"YPC-ARCH","timestamp":"2021-06-20T08:33:48.505Z"}
{"message":"focus round round started","level":"info","hostname":"YPC-ARCH","timestamp":"2021-06-20T08:36:14.053Z"}
{"message":"focus round completed","level":"info","hostname":"YPC-ARCH","timestamp":"2021-06-20T08:53:02.340Z"}
{"message":"short break round started","level":"info","hostname":"YPC-ARCH","timestamp":"2021-06-20T08:53:03.880Z"}
{"message":"short break completed","level":"info","hostname":"YPC-ARCH","timestamp":"2021-06-20T08:58:03.882Z"}
{"message":"focus round round started","level":"info","hostname":"YPC-ARCH","timestamp":"2021-06-20T08:58:05.397Z"}
{"message":"focus round round paused","level":"info","hostname":"YPC-ARCH","timestamp":"2021-06-20T08:58:08.031Z"}
{"message":"focus round round started","level":"info","hostname":"YPC-ARCH","timestamp":"2021-06-20T09:00:18.995Z"}
{"message":"focus round completed","level":"info","hostname":"YPC-ARCH","timestamp":"2021-06-20T09:25:17.000Z"}
{"message":"short break round started","level":"info","hostname":"YPC-ARCH","timestamp":"2021-06-20T09:25:18.518Z"}
{"message":"short break completed","level":"info","hostname":"YPC-ARCH","timestamp":"2021-06-20T09:30:18.540Z"}
{"message":"focus round round started","level":"info","hostname":"YPC-ARCH","timestamp":"2021-06-20T09:30:20.065Z"}
{"message":"focus round completed","level":"info","hostname":"YPC-ARCH","timestamp":"2021-06-20T09:55:20.073Z"}
{"message":"long break round started","level":"info","hostname":"YPC-ARCH","timestamp":"2021-06-20T09:55:21.589Z"}
{"message":"long break round paused","level":"info","hostname":"YPC-ARCH","timestamp":"2021-06-20T09:55:22.541Z"}
{"message":"long break round started","level":"info","hostname":"YPC-ARCH","timestamp":"2021-06-20T09:57:10.702Z"}
{"message":"long break round paused","level":"info","hostname":"YPC-ARCH","timestamp":"2021-06-20T10:03:47.356Z"}
{"message":"long break round started","level":"info","hostname":"YPC-ARCH","timestamp":"2021-06-20T10:03:48.268Z"}
{"message":"long break completed","level":"info","hostname":"YPC-ARCH","timestamp":"2021-06-20T10:22:12.277Z"}
{"message":"focus round round started","level":"info","hostname":"YPC-ARCH","timestamp":"2021-06-20T10:22:13.809Z"}
{"message":"focus round completed","level":"info","hostname":"YPC-ARCH","timestamp":"2021-06-20T10:47:13.815Z"}
{"message":"short break round started","level":"info","hostname":"YPC-ARCH","timestamp":"2021-06-20T10:47:15.561Z"}
{"message":"short break completed","level":"info","hostname":"YPC-ARCH","timestamp":"2021-06-20T10:52:15.568Z"}
{"message":"focus round round started","level":"info","hostname":"YPC-ARCH","timestamp":"2021-06-20T10:52:17.085Z"}
{"message":"focus round completed","level":"info","hostname":"YPC-ARCH","timestamp":"2021-06-20T11:04:51.156Z"}
{"message":"short break completed","level":"info","hostname":"YPC-ARCH","timestamp":"2021-06-20T11:04:51.311Z"}
{"message":"focus round round started","level":"info","hostname":"YPC-ARCH","timestamp":"2021-06-20T11:04:52.673Z"}
{"message":"focus round completed","level":"info","hostname":"YPC-ARCH","timestamp":"2021-06-20T11:04:54.789Z"}
{"message":"long break completed","level":"info","hostname":"YPC-ARCH","timestamp":"2021-06-20T11:04:55.578Z"}
{"message":"focus round round started","level":"info","hostname":"YPC-ARCH","timestamp":"2021-06-20T11:04:56.302Z"}
{"message":"focus round round paused","level":"info","hostname":"YPC-ARCH","timestamp":"2021-06-20T11:08:42.896Z"}
{"message":"focus round round started","level":"info","hostname":"YPC-ARCH","timestamp":"2021-06-20T11:10:08.018Z"}
{"message":"focus round completed","level":"info","hostname":"YPC-ARCH","timestamp":"2021-06-20T11:31:22.020Z"}
{"message":"short break round started","level":"info","hostname":"YPC-ARCH","timestamp":"2021-06-20T11:31:23.538Z"}
{"message":"short break completed","level":"info","hostname":"YPC-ARCH","timestamp":"2021-06-20T11:36:23.545Z"}
{"message":"focus round round started","level":"info","hostname":"YPC-ARCH","timestamp":"2021-06-20T11:36:25.116Z"}
{"message":"focus round round paused","level":"info","hostname":"YPC-ARCH","timestamp":"2021-06-20T11:36:48.202Z"}
{"message":"focus round round started","level":"info","hostname":"YPC-ARCH","timestamp":"2021-06-20T11:41:00.866Z"}
{"message":"focus round completed","level":"info","hostname":"YPC-ARCH","timestamp":"2021-06-20T12:05:37.878Z"}
{"message":"short break round started","level":"info","hostname":"YPC-ARCH","timestamp":"2021-06-20T12:05:39.421Z"}
{"message":"short break round paused","level":"info","hostname":"YPC-ARCH","timestamp":"2021-06-20T12:10:38.109Z"}
{"message":"short break round started","level":"info","hostname":"YPC-ARCH","timestamp":"2021-06-20T12:13:38.470Z"}
{"message":"short break completed","level":"info","hostname":"YPC-ARCH","timestamp":"2021-06-20T12:13:40.475Z"}
{"message":"focus round round started","level":"info","hostname":"YPC-ARCH","timestamp":"2021-06-20T12:13:41.991Z"}
{"message":"focus round completed","level":"info","hostname":"YPC-ARCH","timestamp":"2021-06-20T12:38:42.000Z"}
{"message":"long break round started","level":"info","hostname":"YPC-ARCH","timestamp":"2021-06-20T12:38:43.553Z"}
{"message":"long break round paused","level":"info","hostname":"YPC-ARCH","timestamp":"2021-06-20T13:02:39.854Z"}
{"message":"long break round started","level":"info","hostname":"YPC-ARCH","timestamp":"2021-06-20T13:03:06.123Z"}
{"message":"long break completed","level":"info","hostname":"YPC-ARCH","timestamp":"2021-06-20T13:04:10.128Z"}
{"message":"focus round round started","level":"info","hostname":"YPC-ARCH","timestamp":"2021-06-20T13:04:11.644Z"}
{"message":"focus round round paused","level":"info","hostname":"YPC-ARCH","timestamp":"2021-06-20T13:06:33.788Z"}
{"message":"focus round round started","level":"info","hostname":"YPC-ARCH","timestamp":"2021-06-20T13:12:08.969Z"}
{"message":"focus round completed","level":"info","hostname":"YPC-ARCH","timestamp":"2021-06-20T13:34:46.978Z"}
{"message":"short break round started","level":"info","hostname":"YPC-ARCH","timestamp":"2021-06-20T13:34:48.574Z"}
{"message":"short break completed","level":"info","hostname":"YPC-ARCH","timestamp":"2021-06-20T13:39:48.580Z"}
{"message":"focus round round started","level":"info","hostname":"YPC-ARCH","timestamp":"2021-06-20T13:39:50.103Z"}
{"message":"focus round completed","level":"info","hostname":"YPC-ARCH","timestamp":"2021-06-20T14:04:50.105Z"}
{"message":"short break round started","level":"info","hostname":"YPC-ARCH","timestamp":"2021-06-20T14:04:51.621Z"}
{"message":"quitting app...","level":"info","hostname":"YPC-ARCH","timestamp":"2021-06-20T14:06:34.784Z"}
{"message":"Preferences loaded from /home/faire/.config/pomotroid/user-preferences.json","level":"info","hostname":"YPC-ARCH","timestamp":"2021-06-20T16:10:11.606Z"}
{"message":"app ready","level":"info","hostname":"YPC-ARCH","timestamp":"2021-06-20T16:10:12.420Z"}
{"message":"Registering shortcut for call-timer-toggle: Control+F1","level":"info","hostname":"YPC-ARCH","timestamp":"2021-06-20T16:10:14.657Z"}
{"message":"Registering shortcut for call-timer-reset: Control+F2","level":"info","hostname":"YPC-ARCH","timestamp":"2021-06-20T16:10:14.659Z"}
{"message":"Registering shortcut for call-timer-skip: Control+F3","level":"info","hostname":"YPC-ARCH","timestamp":"2021-06-20T16:10:14.660Z"}
{"message":"Preferences loaded from /home/faire/.config/pomotroid/user-preferences.json","level":"info","hostname":"YPC-ARCH","timestamp":"2021-06-20T16:10:16.120Z"}
{"message":"focus round round started","level":"info","hostname":"YPC-ARCH","timestamp":"2021-06-20T16:13:33.952Z"}
{"message":"focus round round paused","level":"info","hostname":"YPC-ARCH","timestamp":"2021-06-20T16:27:37.184Z"}
{"message":"focus round round started","level":"info","hostname":"YPC-ARCH","timestamp":"2021-06-20T16:38:48.313Z"}
{"message":"focus round completed","level":"info","hostname":"YPC-ARCH","timestamp":"2021-06-20T16:49:45.323Z"}
{"message":"short break round started","level":"info","hostname":"YPC-ARCH","timestamp":"2021-06-20T16:49:46.864Z"}
{"message":"short break completed","level":"info","hostname":"YPC-ARCH","timestamp":"2021-06-20T16:54:46.865Z"}
{"message":"focus round round started","level":"info","hostname":"YPC-ARCH","timestamp":"2021-06-20T16:54:48.388Z"}
{"message":"focus round round paused","level":"info","hostname":"YPC-ARCH","timestamp":"2021-06-20T17:06:11.082Z"}
{"message":"focus round round started","level":"info","hostname":"YPC-ARCH","timestamp":"2021-06-20T17:59:59.552Z"}
{"message":"focus round completed","level":"info","hostname":"YPC-ARCH","timestamp":"2021-06-20T18:00:04.009Z"}
{"message":"short break completed","level":"info","hostname":"YPC-ARCH","timestamp":"2021-06-20T18:00:04.267Z"}
{"message":"focus round completed","level":"info","hostname":"YPC-ARCH","timestamp":"2021-06-20T18:00:05.087Z"}
{"message":"long break round started","level":"info","hostname":"YPC-ARCH","timestamp":"2021-06-20T18:00:05.527Z"}
{"message":"long break completed","level":"info","hostname":"YPC-ARCH","timestamp":"2021-06-20T18:00:07.462Z"}
{"message":"focus round round started","level":"info","hostname":"YPC-ARCH","timestamp":"2021-06-20T18:00:08.974Z"}
{"message":"focus round round paused","level":"info","hostname":"YPC-ARCH","timestamp":"2021-06-20T18:10:15.758Z"}
