{"message":"Preferences loaded from /home/faire/.config/pomotroid/user-preferences.json","level":"info","hostname":"YPC-ARCH","timestamp":"2021-06-18T05:07:43.105Z"}
{"message":"app ready","level":"info","hostname":"YPC-ARCH","timestamp":"2021-06-18T05:07:43.742Z"}
{"message":"Registering shortcut for call-timer-toggle: Control+F1","level":"info","hostname":"YPC-ARCH","timestamp":"2021-06-18T05:07:45.816Z"}
{"message":"Registering shortcut for call-timer-reset: Control+F2","level":"info","hostname":"YPC-ARCH","timestamp":"2021-06-18T05:07:45.818Z"}
{"message":"Registering shortcut for call-timer-skip: Control+F3","level":"info","hostname":"YPC-ARCH","timestamp":"2021-06-18T05:07:45.819Z"}
{"message":"Preferences loaded from /home/faire/.config/pomotroid/user-preferences.json","level":"info","hostname":"YPC-ARCH","timestamp":"2021-06-18T05:07:47.414Z"}
{"message":"focus round round started","level":"info","hostname":"YPC-ARCH","timestamp":"2021-06-18T05:31:01.682Z"}
{"message":"focus round completed","level":"info","hostname":"YPC-ARCH","timestamp":"2021-06-18T05:56:01.685Z"}
{"message":"short break round started","level":"info","hostname":"YPC-ARCH","timestamp":"2021-06-18T05:56:03.215Z"}
{"message":"short break round paused","level":"info","hostname":"YPC-ARCH","timestamp":"2021-06-18T05:56:10.610Z"}
{"message":"short break round started","level":"info","hostname":"YPC-ARCH","timestamp":"2021-06-18T06:02:14.769Z"}
{"message":"short break completed","level":"info","hostname":"YPC-ARCH","timestamp":"2021-06-18T06:02:16.259Z"}
{"message":"focus round round started","level":"info","hostname":"YPC-ARCH","timestamp":"2021-06-18T06:02:17.775Z"}
{"message":"focus round completed","level":"info","hostname":"YPC-ARCH","timestamp":"2021-06-18T06:27:17.785Z"}
{"message":"short break round started","level":"info","hostname":"YPC-ARCH","timestamp":"2021-06-18T06:27:19.341Z"}
{"message":"short break round paused","level":"info","hostname":"YPC-ARCH","timestamp":"2021-06-18T06:32:17.123Z"}
{"message":"short break round started","level":"info","hostname":"YPC-ARCH","timestamp":"2021-06-18T06:54:04.790Z"}
{"message":"short break completed","level":"info","hostname":"YPC-ARCH","timestamp":"2021-06-18T06:54:07.795Z"}
{"message":"focus round round started","level":"info","hostname":"YPC-ARCH","timestamp":"2021-06-18T06:54:09.307Z"}
{"message":"focus round round paused","level":"info","hostname":"YPC-ARCH","timestamp":"2021-06-18T06:57:00.371Z"}
{"message":"focus round round started","level":"info","hostname":"YPC-ARCH","timestamp":"2021-06-18T06:57:43.021Z"}
{"message":"focus round round paused","level":"info","hostname":"YPC-ARCH","timestamp":"2021-06-18T07:10:14.494Z"}
{"message":"focus round round started","level":"info","hostname":"YPC-ARCH","timestamp":"2021-06-18T07:15:14.979Z"}
{"message":"focus round completed","level":"info","hostname":"YPC-ARCH","timestamp":"2021-06-18T07:24:52.987Z"}
{"message":"long break round started","level":"info","hostname":"YPC-ARCH","timestamp":"2021-06-18T07:24:54.518Z"}
{"message":"long break completed","level":"info","hostname":"YPC-ARCH","timestamp":"2021-06-18T07:49:54.584Z"}
{"message":"focus round round started","level":"info","hostname":"YPC-ARCH","timestamp":"2021-06-18T07:49:56.104Z"}
{"message":"focus round completed","level":"info","hostname":"YPC-ARCH","timestamp":"2021-06-18T08:14:56.112Z"}
{"message":"short break round started","level":"info","hostname":"YPC-ARCH","timestamp":"2021-06-18T08:14:57.663Z"}
{"message":"short break completed","level":"info","hostname":"YPC-ARCH","timestamp":"2021-06-18T08:19:57.663Z"}
{"message":"focus round round started","level":"info","hostname":"YPC-ARCH","timestamp":"2021-06-18T08:19:59.182Z"}
{"message":"focus round completed","level":"info","hostname":"YPC-ARCH","timestamp":"2021-06-18T08:44:59.185Z"}
{"message":"short break round started","level":"info","hostname":"YPC-ARCH","timestamp":"2021-06-18T08:45:00.704Z"}
{"message":"short break completed","level":"info","hostname":"YPC-ARCH","timestamp":"2021-06-18T08:50:00.707Z"}
{"message":"focus round round started","level":"info","hostname":"YPC-ARCH","timestamp":"2021-06-18T08:50:02.226Z"}
{"message":"focus round completed","level":"info","hostname":"YPC-ARCH","timestamp":"2021-06-18T09:15:02.228Z"}
{"message":"long break round started","level":"info","hostname":"YPC-ARCH","timestamp":"2021-06-18T09:15:03.743Z"}
{"message":"long break completed","level":"info","hostname":"YPC-ARCH","timestamp":"2021-06-18T09:40:03.752Z"}
{"message":"focus round round started","level":"info","hostname":"YPC-ARCH","timestamp":"2021-06-18T09:40:05.293Z"}
{"message":"focus round completed","level":"info","hostname":"YPC-ARCH","timestamp":"2021-06-18T10:05:05.294Z"}
{"message":"short break round started","level":"info","hostname":"YPC-ARCH","timestamp":"2021-06-18T10:05:06.810Z"}
{"message":"short break completed","level":"info","hostname":"YPC-ARCH","timestamp":"2021-06-18T10:10:06.815Z"}
{"message":"focus round round started","level":"info","hostname":"YPC-ARCH","timestamp":"2021-06-18T10:10:08.335Z"}
{"message":"focus round round paused","level":"info","hostname":"YPC-ARCH","timestamp":"2021-06-18T10:27:39.724Z"}
{"message":"quitting app...","level":"info","hostname":"YPC-ARCH","timestamp":"2021-06-18T10:27:42.443Z"}
{"message":"Preferences loaded from /home/faire/.config/pomotroid/user-preferences.json","level":"info","hostname":"YPC-ARCH","timestamp":"2021-06-18T10:27:47.958Z"}
{"message":"app ready","level":"info","hostname":"YPC-ARCH","timestamp":"2021-06-18T10:27:48.333Z"}
{"message":"Registering shortcut for call-timer-toggle: Control+F1","level":"info","hostname":"YPC-ARCH","timestamp":"2021-06-18T10:27:49.334Z"}
{"message":"Registering shortcut for call-timer-reset: Control+F2","level":"info","hostname":"YPC-ARCH","timestamp":"2021-06-18T10:27:49.336Z"}
{"message":"Registering shortcut for call-timer-skip: Control+F3","level":"info","hostname":"YPC-ARCH","timestamp":"2021-06-18T10:27:49.336Z"}
{"message":"Preferences loaded from /home/faire/.config/pomotroid/user-preferences.json","level":"info","hostname":"YPC-ARCH","timestamp":"2021-06-18T10:27:50.188Z"}
{"message":"focus round round started","level":"info","hostname":"YPC-ARCH","timestamp":"2021-06-18T10:38:05.576Z"}
{"message":"focus round completed","level":"info","hostname":"YPC-ARCH","timestamp":"2021-06-18T11:03:05.705Z"}
{"message":"short break round started","level":"info","hostname":"YPC-ARCH","timestamp":"2021-06-18T11:03:07.232Z"}
{"message":"short break completed","level":"info","hostname":"YPC-ARCH","timestamp":"2021-06-18T11:08:07.237Z"}
{"message":"focus round round started","level":"info","hostname":"YPC-ARCH","timestamp":"2021-06-18T11:08:08.761Z"}
{"message":"focus round completed","level":"info","hostname":"YPC-ARCH","timestamp":"2021-06-18T11:33:08.761Z"}
{"message":"short break round started","level":"info","hostname":"YPC-ARCH","timestamp":"2021-06-18T11:33:10.281Z"}
{"message":"short break round paused","level":"info","hostname":"YPC-ARCH","timestamp":"2021-06-18T11:36:21.579Z"}
{"message":"short break round started","level":"info","hostname":"YPC-ARCH","timestamp":"2021-06-18T12:24:26.213Z"}
{"message":"short break completed","level":"info","hostname":"YPC-ARCH","timestamp":"2021-06-18T12:24:31.068Z"}
{"message":"focus round round started","level":"info","hostname":"YPC-ARCH","timestamp":"2021-06-18T12:24:32.582Z"}
{"message":"focus round completed","level":"info","hostname":"YPC-ARCH","timestamp":"2021-06-18T12:24:33.161Z"}
{"message":"long break completed","level":"info","hostname":"YPC-ARCH","timestamp":"2021-06-18T12:24:34.119Z"}
{"message":"focus round round started","level":"info","hostname":"YPC-ARCH","timestamp":"2021-06-18T12:24:34.672Z"}
{"message":"focus round round paused","level":"info","hostname":"YPC-ARCH","timestamp":"2021-06-18T12:40:58.128Z"}
{"message":"focus round round started","level":"info","hostname":"YPC-ARCH","timestamp":"2021-06-18T12:42:08.111Z"}
{"message":"focus round round paused","level":"info","hostname":"YPC-ARCH","timestamp":"2021-06-18T12:45:39.289Z"}
{"message":"focus round round started","level":"info","hostname":"YPC-ARCH","timestamp":"2021-06-18T12:50:57.091Z"}
{"message":"focus round completed","level":"info","hostname":"YPC-ARCH","timestamp":"2021-06-18T12:56:03.095Z"}
{"message":"short break round started","level":"info","hostname":"YPC-ARCH","timestamp":"2021-06-18T12:56:04.608Z"}
{"message":"short break completed","level":"info","hostname":"YPC-ARCH","timestamp":"2021-06-18T13:01:04.613Z"}
{"message":"focus round round started","level":"info","hostname":"YPC-ARCH","timestamp":"2021-06-18T13:01:06.127Z"}
{"message":"focus round round paused","level":"info","hostname":"YPC-ARCH","timestamp":"2021-06-18T13:23:00.137Z"}
{"message":"focus round round started","level":"info","hostname":"YPC-ARCH","timestamp":"2021-06-18T13:31:33.742Z"}
{"message":"focus round completed","level":"info","hostname":"YPC-ARCH","timestamp":"2021-06-18T13:34:39.750Z"}
{"message":"short break round started","level":"info","hostname":"YPC-ARCH","timestamp":"2021-06-18T13:34:41.278Z"}
{"message":"short break completed","level":"info","hostname":"YPC-ARCH","timestamp":"2021-06-18T13:39:41.280Z"}
{"message":"focus round round started","level":"info","hostname":"YPC-ARCH","timestamp":"2021-06-18T13:39:42.791Z"}
{"message":"focus round round paused","level":"info","hostname":"YPC-ARCH","timestamp":"2021-06-18T13:43:50.153Z"}
{"message":"focus round round started","level":"info","hostname":"YPC-ARCH","timestamp":"2021-06-18T13:47:30.879Z"}
{"message":"Preferences loaded from /home/faire/.config/pomotroid/user-preferences.json","level":"info","hostname":"YPC-ARCH","timestamp":"2021-06-18T15:35:20.999Z"}
{"message":"app ready","level":"info","hostname":"YPC-ARCH","timestamp":"2021-06-18T15:35:21.751Z"}
{"message":"Registering shortcut for call-timer-toggle: Control+F1","level":"info","hostname":"YPC-ARCH","timestamp":"2021-06-18T15:35:22.918Z"}
{"message":"Registering shortcut for call-timer-reset: Control+F2","level":"info","hostname":"YPC-ARCH","timestamp":"2021-06-18T15:35:22.920Z"}
{"message":"Registering shortcut for call-timer-skip: Control+F3","level":"info","hostname":"YPC-ARCH","timestamp":"2021-06-18T15:35:22.921Z"}
{"message":"Preferences loaded from /home/faire/.config/pomotroid/user-preferences.json","level":"info","hostname":"YPC-ARCH","timestamp":"2021-06-18T15:35:24.206Z"}
{"message":"focus round round started","level":"info","hostname":"YPC-ARCH","timestamp":"2021-06-18T16:18:19.496Z"}
{"message":"focus round completed","level":"info","hostname":"YPC-ARCH","timestamp":"2021-06-18T16:43:19.536Z"}
{"message":"short break round started","level":"info","hostname":"YPC-ARCH","timestamp":"2021-06-18T16:43:21.072Z"}
{"message":"short break completed","level":"info","hostname":"YPC-ARCH","timestamp":"2021-06-18T16:48:21.076Z"}
{"message":"focus round round started","level":"info","hostname":"YPC-ARCH","timestamp":"2021-06-18T16:48:22.599Z"}
{"message":"focus round round paused","level":"info","hostname":"YPC-ARCH","timestamp":"2021-06-18T16:51:36.651Z"}
{"message":"focus round round started","level":"info","hostname":"YPC-ARCH","timestamp":"2021-06-18T16:59:04.049Z"}
{"message":"focus round round paused","level":"info","hostname":"YPC-ARCH","timestamp":"2021-06-18T17:01:22.096Z"}
{"message":"focus round round started","level":"info","hostname":"YPC-ARCH","timestamp":"2021-06-18T17:02:05.427Z"}
{"message":"focus round completed","level":"info","hostname":"YPC-ARCH","timestamp":"2021-06-18T17:21:33.431Z"}
{"message":"short break round started","level":"info","hostname":"YPC-ARCH","timestamp":"2021-06-18T17:21:34.954Z"}
{"message":"short break round paused","level":"info","hostname":"YPC-ARCH","timestamp":"2021-06-18T17:24:11.555Z"}
{"message":"short break round started","level":"info","hostname":"YPC-ARCH","timestamp":"2021-06-18T17:41:07.092Z"}
{"message":"short break completed","level":"info","hostname":"YPC-ARCH","timestamp":"2021-06-18T17:43:24.304Z"}
{"message":"focus round round started","level":"info","hostname":"YPC-ARCH","timestamp":"2021-06-18T17:43:25.831Z"}
{"message":"focus round round paused","level":"info","hostname":"YPC-ARCH","timestamp":"2021-06-18T18:05:04.027Z"}
{"message":"focus round round started","level":"info","hostname":"YPC-ARCH","timestamp":"2021-06-18T18:09:03.913Z"}
{"message":"focus round completed","level":"info","hostname":"YPC-ARCH","timestamp":"2021-06-18T18:12:25.918Z"}
{"message":"long break round started","level":"info","hostname":"YPC-ARCH","timestamp":"2021-06-18T18:12:27.431Z"}
{"message":"long break completed","level":"info","hostname":"YPC-ARCH","timestamp":"2021-06-18T18:37:27.443Z"}
{"message":"focus round round started","level":"info","hostname":"YPC-ARCH","timestamp":"2021-06-18T18:37:29.168Z"}
{"message":"focus round completed","level":"info","hostname":"YPC-ARCH","timestamp":"2021-06-18T19:02:29.170Z"}
{"message":"short break round started","level":"info","hostname":"YPC-ARCH","timestamp":"2021-06-18T19:02:30.691Z"}
{"message":"quitting app...","level":"info","hostname":"YPC-ARCH","timestamp":"2021-06-18T19:02:35.743Z"}
